Added Pin To Net: NetName=GND Pin=J1-MP1
Added Pin To Net: NetName=GND Pin=J1-MP2
Added Net: Name=GND
Added Pin To Net: NetName=NetJ1_1 Pin=J1-1
Added Pin To Net: NetName=NetJ1_1 Pin=SW1-3
Added Pin To Net: NetName=NetJ1_1 Pin=SW1-4
Added Net: Name=NetJ1_1
Added Pin To Net: NetName=NetJ1_2 Pin=J1-2
Added Pin To Net: NetName=NetJ1_2 Pin=SW1-1
Added Pin To Net: NetName=NetJ1_2 Pin=SW1-2
Added Net: Name=NetJ1_2
Added Pin To Net: NetName=NetJ1_3 Pin=J1-3
Added Pin To Net: NetName=NetJ1_3 Pin=SW22-4
Added Net: Name=NetJ1_3
Added Pin To Net: NetName=NetJ1_4 Pin=J1-4
Added Pin To Net: NetName=NetJ1_4 Pin=SW23-4
Added Net: Name=NetJ1_4
Added Pin To Net: NetName=NetJ1_5 Pin=J1-5
Added Pin To Net: NetName=NetJ1_5 Pin=SW24-4
Added Net: Name=NetJ1_5
Added Pin To Net: NetName=NetJ1_6 Pin=J1-6
Added Pin To Net: NetName=NetJ1_6 Pin=SW25-4
Added Net: Name=NetJ1_6
Added Pin To Net: NetName=NetJ1_7 Pin=J1-7
Added Pin To Net: NetName=NetJ1_7 Pin=SW22-1
Added Pin To Net: NetName=NetJ1_7 Pin=SW22-2
Added Pin To Net: NetName=NetJ1_7 Pin=SW23-1
Added Pin To Net: NetName=NetJ1_7 Pin=SW23-2
Added Pin To Net: NetName=NetJ1_7 Pin=SW24-1
Added Pin To Net: NetName=NetJ1_7 Pin=SW24-2
Added Pin To Net: NetName=NetJ1_7 Pin=SW25-1
Added Pin To Net: NetName=NetJ1_7 Pin=SW25-2
Added Net: Name=NetJ1_7
Added Pin To Net: NetName=NetJ1_8 Pin=J1-8
Added Pin To Net: NetName=NetJ1_8 Pin=SW18-1
Added Pin To Net: NetName=NetJ1_8 Pin=SW18-2
Added Pin To Net: NetName=NetJ1_8 Pin=SW19-1
Added Pin To Net: NetName=NetJ1_8 Pin=SW19-2
Added Pin To Net: NetName=NetJ1_8 Pin=SW20-1
Added Pin To Net: NetName=NetJ1_8 Pin=SW20-2
Added Pin To Net: NetName=NetJ1_8 Pin=SW21-1
Added Pin To Net: NetName=NetJ1_8 Pin=SW21-2
Added Net: Name=NetJ1_8
Added Pin To Net: NetName=NetJ1_9 Pin=J1-9
Added Pin To Net: NetName=NetJ1_9 Pin=SW14-1
Added Pin To Net: NetName=NetJ1_9 Pin=SW14-2
Added Pin To Net: NetName=NetJ1_9 Pin=SW15-1
Added Pin To Net: NetName=NetJ1_9 Pin=SW15-2
Added Pin To Net: NetName=NetJ1_9 Pin=SW16-1
Added Pin To Net: NetName=NetJ1_9 Pin=SW16-2
Added Pin To Net: NetName=NetJ1_9 Pin=SW17-1
Added Pin To Net: NetName=NetJ1_9 Pin=SW17-2
Added Net: Name=NetJ1_9
Added Pin To Net: NetName=NetJ1_10 Pin=J1-10
Added Pin To Net: NetName=NetJ1_10 Pin=SW10-1
Added Pin To Net: NetName=NetJ1_10 Pin=SW10-2
Added Pin To Net: NetName=NetJ1_10 Pin=SW11-1
Added Pin To Net: NetName=NetJ1_10 Pin=SW11-2
Added Pin To Net: NetName=NetJ1_10 Pin=SW12-1
Added Pin To Net: NetName=NetJ1_10 Pin=SW12-2
Added Pin To Net: NetName=NetJ1_10 Pin=SW13-1
Added Pin To Net: NetName=NetJ1_10 Pin=SW13-2
Added Net: Name=NetJ1_10
Added Pin To Net: NetName=NetJ1_11 Pin=J1-11
Added Pin To Net: NetName=NetJ1_11 Pin=SW6-1
Added Pin To Net: NetName=NetJ1_11 Pin=SW6-2
Added Pin To Net: NetName=NetJ1_11 Pin=SW7-1
Added Pin To Net: NetName=NetJ1_11 Pin=SW7-2
Added Pin To Net: NetName=NetJ1_11 Pin=SW8-1
Added Pin To Net: NetName=NetJ1_11 Pin=SW8-2
Added Pin To Net: NetName=NetJ1_11 Pin=SW9-1
Added Pin To Net: NetName=NetJ1_11 Pin=SW9-2
Added Net: Name=NetJ1_11
Added Pin To Net: NetName=NetJ1_12 Pin=J1-12
Added Pin To Net: NetName=NetJ1_12 Pin=SW2-1
Added Pin To Net: NetName=NetJ1_12 Pin=SW2-2
Added Pin To Net: NetName=NetJ1_12 Pin=SW3-1
Added Pin To Net: NetName=NetJ1_12 Pin=SW3-2
Added Pin To Net: NetName=NetJ1_12 Pin=SW4-1
Added Pin To Net: NetName=NetJ1_12 Pin=SW4-2
Added Pin To Net: NetName=NetJ1_12 Pin=SW5-1
Added Pin To Net: NetName=NetJ1_12 Pin=SW5-2
Added Net: Name=NetJ1_12
Added Pin To Net: NetName=NetSW2_3 Pin=SW2-3
Added Pin To Net: NetName=NetSW2_3 Pin=SW2-4
Added Pin To Net: NetName=NetSW2_3 Pin=SW6-3
Added Net: Name=NetSW2_3
Added Pin To Net: NetName=NetSW3_3 Pin=SW3-3
Added Pin To Net: NetName=NetSW3_3 Pin=SW3-4
Added Pin To Net: NetName=NetSW3_3 Pin=SW7-3
Added Net: Name=NetSW3_3
Added Pin To Net: NetName=NetSW4_3 Pin=SW4-3
Added Pin To Net: NetName=NetSW4_3 Pin=SW4-4
Added Pin To Net: NetName=NetSW4_3 Pin=SW8-3
Added Net: Name=NetSW4_3
Added Pin To Net: NetName=NetSW5_3 Pin=SW5-3
Added Pin To Net: NetName=NetSW5_3 Pin=SW5-4
Added Pin To Net: NetName=NetSW5_3 Pin=SW9-3
Added Net: Name=NetSW5_3
Added Pin To Net: NetName=NetSW6_4 Pin=SW6-4
Added Pin To Net: NetName=NetSW6_4 Pin=SW10-3
Added Net: Name=NetSW6_4
Added Pin To Net: NetName=NetSW7_4 Pin=SW7-4
Added Pin To Net: NetName=NetSW7_4 Pin=SW11-3
Added Net: Name=NetSW7_4
Added Pin To Net: NetName=NetSW8_4 Pin=SW8-4
Added Pin To Net: NetName=NetSW8_4 Pin=SW12-3
Added Net: Name=NetSW8_4
Added Pin To Net: NetName=NetSW9_4 Pin=SW9-4
Added Pin To Net: NetName=NetSW9_4 Pin=SW13-3
Added Net: Name=NetSW9_4
Added Pin To Net: NetName=NetSW10_4 Pin=SW10-4
Added Pin To Net: NetName=NetSW10_4 Pin=SW14-3
Added Net: Name=NetSW10_4
Added Pin To Net: NetName=NetSW11_4 Pin=SW11-4
Added Pin To Net: NetName=NetSW11_4 Pin=SW15-3
Added Net: Name=NetSW11_4
Added Pin To Net: NetName=NetSW12_4 Pin=SW12-4
Added Pin To Net: NetName=NetSW12_4 Pin=SW16-3
Added Net: Name=NetSW12_4
Added Pin To Net: NetName=NetSW13_4 Pin=SW13-4
Added Pin To Net: NetName=NetSW13_4 Pin=SW17-3
Added Net: Name=NetSW13_4
Added Pin To Net: NetName=NetSW14_4 Pin=SW14-4
Added Pin To Net: NetName=NetSW14_4 Pin=SW18-3
Added Net: Name=NetSW14_4
Added Pin To Net: NetName=NetSW15_4 Pin=SW15-4
Added Pin To Net: NetName=NetSW15_4 Pin=SW19-3
Added Net: Name=NetSW15_4
Added Pin To Net: NetName=NetSW16_4 Pin=SW16-4
Added Pin To Net: NetName=NetSW16_4 Pin=SW20-3
Added Net: Name=NetSW16_4
Added Pin To Net: NetName=NetSW17_4 Pin=SW17-4
Added Pin To Net: NetName=NetSW17_4 Pin=SW21-3
Added Net: Name=NetSW17_4
Added Pin To Net: NetName=NetSW18_4 Pin=SW18-4
Added Pin To Net: NetName=NetSW18_4 Pin=SW22-3
Added Net: Name=NetSW18_4
Added Pin To Net: NetName=NetSW19_4 Pin=SW19-4
Added Pin To Net: NetName=NetSW19_4 Pin=SW23-3
Added Net: Name=NetSW19_4
Added Pin To Net: NetName=NetSW20_4 Pin=SW20-4
Added Pin To Net: NetName=NetSW20_4 Pin=SW24-3
Added Net: Name=NetSW20_4
Added Pin To Net: NetName=NetSW21_4 Pin=SW21-4
Added Pin To Net: NetName=NetSW21_4 Pin=SW25-3
Added Net: Name=NetSW21_4
