Added Component: Designator=C16(CAPC0603(1608)100_L)
Added Component: Designator=C17(CAPC0603(1608)100_L)
Added Component: Designator=C18(CAPC0603(1608)100_L)
Added Component: Designator=C19(CAPC0603(1608)100_L)
Added Component: Designator=C20(CAPC0603(1608)100_L)
Added Component: Designator=C21(CAPC0603(1608)100_L)
Added Component: Designator=C22(CAPC0603(1608)100_L)
Added Component: Designator=C23(CAPC0603(1608)100_L)
Added Component: Designator=C28(CAPC0603(1608)100_L)
Added Component: Designator=D2(ONSC-SOD-123-2-425-04_V)
Added Component: Designator=D3(ONSC-SOD-123-2-425-04_V)
Added Component: Designator=J3(SMTC-SSM-102-X-DV)
Added Component: Designator=P3(62130621021)
Added Component: Designator=R16(RESC0603(1608)_N)
Added Component: Designator=R17(RESC0603(1608)_N)
Added Component: Designator=R18(RESC0603(1608)_N)
Added Component: Designator=TP6(TP-SM-C-100)
Added Component: Designator=U6(TI-DBV5_M)
Added Component: Designator=U7(SOT-23-6)
Added Component: Designator=U8(SOIC (16))
Added Component: Designator=U10(D0008A_N)
Added Component: Designator=X1(750313638)
Added Pin To Net: NetName=DMX_FC Pin=P3-4
Added Pin To Net: NetName=DMX_FC Pin=U8-4
Added Net: Name=DMX_FC
Added Pin To Net: NetName=DMX_N Pin=J3-2
Added Pin To Net: NetName=DMX_N Pin=R17-1
Added Pin To Net: NetName=DMX_N Pin=R18-1
Added Pin To Net: NetName=DMX_N Pin=U10-6
Added Net: Name=DMX_N
Added Pin To Net: NetName=DMX_P Pin=J3-3
Added Pin To Net: NetName=DMX_P Pin=R16-2
Added Pin To Net: NetName=DMX_P Pin=R17-2
Added Pin To Net: NetName=DMX_P Pin=U10-7
Added Net: Name=DMX_P
Added Pin To Net: NetName=DMX_RX Pin=P3-5
Added Pin To Net: NetName=DMX_RX Pin=U8-5
Added Net: Name=DMX_RX
Added Pin To Net: NetName=DMX_TX Pin=P3-3
Added Pin To Net: NetName=DMX_TX Pin=U8-3
Added Net: Name=DMX_TX
Added Pin To Net: NetName=GND Pin=C16-1
Added Pin To Net: NetName=GND Pin=C20-1
Added Pin To Net: NetName=GND Pin=C21-1
Added Pin To Net: NetName=GND Pin=P3-1
Added Pin To Net: NetName=GND Pin=P3-6
Added Pin To Net: NetName=GND Pin=U7-4
Added Pin To Net: NetName=GND Pin=U7-6
Added Pin To Net: NetName=GND Pin=U8-2
Added Pin To Net: NetName=GND Pin=U8-8
Added Net: Name=GND
Added Pin To Net: NetName=ISOGND Pin=C17-1
Added Pin To Net: NetName=ISOGND Pin=C18-1
Added Pin To Net: NetName=ISOGND Pin=C19-1
Added Pin To Net: NetName=ISOGND Pin=C22-1
Added Pin To Net: NetName=ISOGND Pin=C23-1
Added Pin To Net: NetName=ISOGND Pin=C28-1
Added Pin To Net: NetName=ISOGND Pin=J3-1
Added Pin To Net: NetName=ISOGND Pin=R18-2
Added Pin To Net: NetName=ISOGND Pin=U6-2
Added Pin To Net: NetName=ISOGND Pin=U8-9
Added Pin To Net: NetName=ISOGND Pin=U8-15
Added Pin To Net: NetName=ISOGND Pin=U10-5
Added Pin To Net: NetName=ISOGND Pin=X1-5
Added Net: Name=ISOGND
Added Pin To Net: NetName=NetC17_2 Pin=C17-2
Added Pin To Net: NetName=NetC17_2 Pin=C19-2
Added Pin To Net: NetName=NetC17_2 Pin=D2-1
Added Pin To Net: NetName=NetC17_2 Pin=D3-1
Added Pin To Net: NetName=NetC17_2 Pin=U6-1
Added Pin To Net: NetName=NetC17_2 Pin=U6-3
Added Net: Name=NetC17_2
Added Pin To Net: NetName=NetC28_2 Pin=C28-2
Added Pin To Net: NetName=NetC28_2 Pin=J3-4
Added Net: Name=NetC28_2
Added Pin To Net: NetName=NetD2_2 Pin=D2-2
Added Pin To Net: NetName=NetD2_2 Pin=X1-6
Added Net: Name=NetD2_2
Added Pin To Net: NetName=NetD3_2 Pin=D3-2
Added Pin To Net: NetName=NetD3_2 Pin=X1-4
Added Net: Name=NetD3_2
Added Pin To Net: NetName=NetU7_1 Pin=U7-1
Added Pin To Net: NetName=NetU7_1 Pin=X1-1
Added Net: Name=NetU7_1
Added Pin To Net: NetName=NetU7_3 Pin=U7-3
Added Pin To Net: NetName=NetU7_3 Pin=X1-3
Added Net: Name=NetU7_3
Added Pin To Net: NetName=NetU8_12 Pin=U8-12
Added Pin To Net: NetName=NetU8_12 Pin=U10-1
Added Net: Name=NetU8_12
Added Pin To Net: NetName=NetU8_13 Pin=U8-13
Added Pin To Net: NetName=NetU8_13 Pin=U10-2
Added Pin To Net: NetName=NetU8_13 Pin=U10-3
Added Net: Name=NetU8_13
Added Pin To Net: NetName=NetU8_14 Pin=U8-14
Added Pin To Net: NetName=NetU8_14 Pin=U10-4
Added Net: Name=NetU8_14
Added Pin To Net: NetName=VCCISO Pin=C18-2
Added Pin To Net: NetName=VCCISO Pin=C22-2
Added Pin To Net: NetName=VCCISO Pin=C23-2
Added Pin To Net: NetName=VCCISO Pin=R16-1
Added Pin To Net: NetName=VCCISO Pin=TP6-1
Added Pin To Net: NetName=VCCISO Pin=U6-5
Added Pin To Net: NetName=VCCISO Pin=U8-10
Added Pin To Net: NetName=VCCISO Pin=U8-16
Added Pin To Net: NetName=VCCISO Pin=U10-8
Added Net: Name=VCCISO
Added Pin To Net: NetName=VCC Pin=C16-2
Added Pin To Net: NetName=VCC Pin=C20-2
Added Pin To Net: NetName=VCC Pin=C21-2
Added Pin To Net: NetName=VCC Pin=P3-2
Added Pin To Net: NetName=VCC Pin=U7-2
Added Pin To Net: NetName=VCC Pin=U7-5
Added Pin To Net: NetName=VCC Pin=U8-1
Added Pin To Net: NetName=VCC Pin=U8-7
Added Pin To Net: NetName=VCC Pin=X1-2
Added Net: Name=VCC
Added Class: Name=DMX
Added Differential Pair: Name=DMX
