Added Pin To Net: NetName=BAT_IN Pin=D1-2
Added Pin To Net: NetName=BAT_IN Pin=J1-1
Added Net: Name=BAT_IN
Added Pin To Net: NetName=COL_A Pin=J2-7
Added Pin To Net: NetName=COL_A Pin=R3-1
Added Pin To Net: NetName=COL_A Pin=U5-11
Added Net: Name=COL_A
Added Pin To Net: NetName=COL_B Pin=J2-8
Added Pin To Net: NetName=COL_B Pin=R3-2
Added Pin To Net: NetName=COL_B Pin=U5-12
Added Net: Name=COL_B
Added Pin To Net: NetName=COL_C Pin=J2-9
Added Pin To Net: NetName=COL_C Pin=R3-3
Added Pin To Net: NetName=COL_C Pin=U5-13
Added Net: Name=COL_C
Added Pin To Net: NetName=COL_D Pin=J2-10
Added Pin To Net: NetName=COL_D Pin=R3-4
Added Pin To Net: NetName=COL_D Pin=U5-14
Added Net: Name=COL_D
Added Pin To Net: NetName=GND Pin=C10-1
Added Pin To Net: NetName=GND Pin=C11-1
Added Pin To Net: NetName=GND Pin=C12-1
Added Pin To Net: NetName=GND Pin=C13-1
Added Pin To Net: NetName=GND Pin=C14-1
Added Pin To Net: NetName=GND Pin=C15-1
Added Pin To Net: NetName=GND Pin=C16-1
Added Pin To Net: NetName=GND Pin=C24-1
Added Pin To Net: NetName=GND Pin=C25-1
Added Pin To Net: NetName=GND Pin=C27-1
Added Pin To Net: NetName=GND Pin=C31-1
Added Pin To Net: NetName=GND Pin=D1-1
Added Pin To Net: NetName=GND Pin=J1-2
Added Pin To Net: NetName=GND Pin=J2-12
Added Pin To Net: NetName=GND Pin=J2-MP1
Added Pin To Net: NetName=GND Pin=J2-MP2
Added Pin To Net: NetName=GND Pin=J3-2
Added Pin To Net: NetName=GND Pin=J3-MP1
Added Pin To Net: NetName=GND Pin=J3-MP2
Added Pin To Net: NetName=GND Pin=P1-A1
Added Pin To Net: NetName=GND Pin=P1-A12
Added Pin To Net: NetName=GND Pin=P1-B1
Added Pin To Net: NetName=GND Pin=P1-B12
Added Pin To Net: NetName=GND Pin=P2-3
Added Pin To Net: NetName=GND Pin=P2-5
Added Pin To Net: NetName=GND Pin=P2-9
Added Pin To Net: NetName=GND Pin=R3-5
Added Pin To Net: NetName=GND Pin=R3-6
Added Pin To Net: NetName=GND Pin=R3-7
Added Pin To Net: NetName=GND Pin=R3-8
Added Pin To Net: NetName=GND Pin=R10-2
Added Pin To Net: NetName=GND Pin=R20-1
Added Pin To Net: NetName=GND Pin=U2-14
Added Pin To Net: NetName=GND Pin=U2-16
Added Pin To Net: NetName=GND Pin=U2-32
Added Pin To Net: NetName=GND Pin=U3-7
Added Pin To Net: NetName=GND Pin=U4-1
Added Pin To Net: NetName=GND Pin=U5-8
Added Pin To Net: NetName=GND Pin=U5-15
Added Pin To Net: NetName=GND Pin=U9-2
Added Pin To Net: NetName=GND Pin=U12-4
Added Pin To Net: NetName=GND Pin=X2-1
Added Pin To Net: NetName=GND Pin=X2-5
Added Pin To Net: NetName=GND Pin=X2-6
Added Pin To Net: NetName=GND Pin=X2-10
Added Pin To Net: NetName=GND Pin=X2-11
Added Pin To Net: NetName=GND Pin=X2-12
Added Pin To Net: NetName=GND Pin=X2-13
Added Pin To Net: NetName=GND Pin=X2-14
Added Pin To Net: NetName=GND Pin=X2-19
Added Pin To Net: NetName=GND Pin=X2-20
Added Net: Name=GND
Added Pin To Net: NetName=HSO_VCC Pin=J3-1
Added Net: Name=HSO_VCC
Added Pin To Net: NetName=MCU_CLK Pin=C14-2
Added Pin To Net: NetName=MCU_CLK Pin=U2-2
Added Pin To Net: NetName=MCU_CLK Pin=U9-3
Added Net: Name=MCU_CLK
Added Pin To Net: NetName=MEM_CS Pin=U2-6
Added Pin To Net: NetName=MEM_CS Pin=U12-1
Added Net: Name=MEM_CS
Added Net: Name=NetC6_1
Added Pin To Net: NetName=NetJ2_11 Pin=J2-11
Added Net: Name=NetJ2_11
Added Pin To Net: NetName=NetJ3_3 Pin=J3-3
Added Pin To Net: NetName=NetJ3_3 Pin=U2-30
Added Net: Name=NetJ3_3
Added Pin To Net: NetName=NetJ3_4 Pin=J3-4
Added Pin To Net: NetName=NetJ3_4 Pin=U2-29
Added Net: Name=NetJ3_4
Added Pin To Net: NetName=NetJ3_5 Pin=J3-5
Added Pin To Net: NetName=NetJ3_5 Pin=U2-28
Added Net: Name=NetJ3_5
Added Net: Name=NetL1_1
Added Net: Name=NetL1_2
Added Net: Name=NetR1_2
Added Pin To Net: NetName=NetR8_1 Pin=TP5-1
Added Pin To Net: NetName=NetR8_1 Pin=U2-13
Added Net: Name=NetR8_1
Added Pin To Net: NetName=NetR10_1 Pin=R10-1
Added Pin To Net: NetName=NetR10_1 Pin=U2-31
Added Net: Name=NetR10_1
Added Pin To Net: NetName=NetU2_5 Pin=U2-5
Added Pin To Net: NetName=NetU2_5 Pin=U3-1
Added Pin To Net: NetName=NetU2_5 Pin=U5-1
Added Net: Name=NetU2_5
Added Pin To Net: NetName=NetU2_7 Pin=U2-7
Added Pin To Net: NetName=NetU2_7 Pin=X2-17
Added Net: Name=NetU2_7
Added Pin To Net: NetName=NetU2_8 Pin=U2-8
Added Pin To Net: NetName=NetU2_8 Pin=X2-16
Added Net: Name=NetU2_8
Added Pin To Net: NetName=NetU2_9 Pin=U2-9
Added Pin To Net: NetName=NetU2_9 Pin=X2-4
Added Net: Name=NetU2_9
Added Pin To Net: NetName=NetU2_18 Pin=U2-18
Added Net: Name=NetU2_18
Added Net: Name=PBSTAT
Added Net: Name=PWR_BTN_B
Added Net: Name=PWRON
Added Pin To Net: NetName=ROW_A Pin=J2-2
Added Pin To Net: NetName=ROW_A Pin=U3-3
Added Net: Name=ROW_A
Added Pin To Net: NetName=ROW_B Pin=J2-3
Added Pin To Net: NetName=ROW_B Pin=U3-4
Added Net: Name=ROW_B
Added Pin To Net: NetName=ROW_C Pin=J2-4
Added Pin To Net: NetName=ROW_C Pin=U3-5
Added Net: Name=ROW_C
Added Pin To Net: NetName=ROW_D Pin=J2-5
Added Pin To Net: NetName=ROW_D Pin=U3-6
Added Net: Name=ROW_D
Added Pin To Net: NetName=ROW_E Pin=J2-6
Added Pin To Net: NetName=ROW_E Pin=U3-10
Added Net: Name=ROW_E
Added Pin To Net: NetName=ROW_F Pin=J2-1
Added Pin To Net: NetName=ROW_F Pin=U3-11
Added Net: Name=ROW_F
Added Net: Name=RST
Added Pin To Net: NetName=SHIELD Pin=P1-G3
Added Pin To Net: NetName=SHIELD Pin=P1-G4
Added Pin To Net: NetName=SHIELD Pin=P1-G5
Added Pin To Net: NetName=SHIELD Pin=P1-G6
Added Net: Name=SHIELD
Added Pin To Net: NetName=SPI_MISO Pin=U2-11
Added Pin To Net: NetName=SPI_MISO Pin=U5-9
Added Pin To Net: NetName=SPI_MISO Pin=U12-2
Added Net: Name=SPI_MISO
Added Pin To Net: NetName=SPI_MOSI Pin=U2-12
Added Pin To Net: NetName=SPI_MOSI Pin=U3-2
Added Pin To Net: NetName=SPI_MOSI Pin=U12-5
Added Pin To Net: NetName=SPI_MOSI Pin=X2-8
Added Net: Name=SPI_MOSI
Added Pin To Net: NetName=SPI_SCK Pin=U2-10
Added Pin To Net: NetName=SPI_SCK Pin=U3-8
Added Pin To Net: NetName=SPI_SCK Pin=U5-2
Added Pin To Net: NetName=SPI_SCK Pin=U12-6
Added Pin To Net: NetName=SPI_SCK Pin=X2-7
Added Net: Name=SPI_SCK
Added Pin To Net: NetName=T_NRST Pin=C27-2
Added Pin To Net: NetName=T_NRST Pin=P2-10
Added Pin To Net: NetName=T_NRST Pin=U2-4
Added Net: Name=T_NRST
Added Pin To Net: NetName=T_SWCLK Pin=P2-4
Added Pin To Net: NetName=T_SWCLK Pin=U2-24
Added Net: Name=T_SWCLK
Added Pin To Net: NetName=T_SWDIO Pin=P2-2
Added Pin To Net: NetName=T_SWDIO Pin=U2-23
Added Net: Name=T_SWDIO
Added Pin To Net: NetName=T_SWO Pin=P2-6
Added Pin To Net: NetName=T_SWO Pin=U2-26
Added Net: Name=T_SWO
Added Net: Name=USB_IN
Added Pin To Net: NetName=USB_N Pin=P1-A7
Added Pin To Net: NetName=USB_N Pin=P1-B7
Added Pin To Net: NetName=USB_N Pin=U2-21
Added Pin To Net: NetName=USB_N Pin=U4-3
Added Net: Name=USB_N
Added Pin To Net: NetName=USB_P Pin=P1-A6
Added Pin To Net: NetName=USB_P Pin=P1-B6
Added Pin To Net: NetName=USB_P Pin=U2-22
Added Pin To Net: NetName=USB_P Pin=U4-2
Added Net: Name=USB_P
Added Pin To Net: NetName=USB_V_DETECT Pin=R19-2
Added Pin To Net: NetName=USB_V_DETECT Pin=R20-2
Added Pin To Net: NetName=USB_V_DETECT Pin=U2-19
Added Net: Name=USB_V_DETECT
Added Pin To Net: NetName=USB_VBUS Pin=C13-2
Added Pin To Net: NetName=USB_VBUS Pin=P1-A4
Added Pin To Net: NetName=USB_VBUS Pin=P1-A9
Added Pin To Net: NetName=USB_VBUS Pin=P1-B4
Added Pin To Net: NetName=USB_VBUS Pin=P1-B9
Added Pin To Net: NetName=USB_VBUS Pin=R19-1
Added Pin To Net: NetName=USB_VBUS Pin=U4-4
Added Net: Name=USB_VBUS
Added Pin To Net: NetName=VCC Pin=C10-2
Added Pin To Net: NetName=VCC Pin=C11-2
Added Pin To Net: NetName=VCC Pin=C12-2
Added Pin To Net: NetName=VCC Pin=C15-2
Added Pin To Net: NetName=VCC Pin=C16-2
Added Pin To Net: NetName=VCC Pin=C24-2
Added Pin To Net: NetName=VCC Pin=C25-2
Added Pin To Net: NetName=VCC Pin=C31-2
Added Pin To Net: NetName=VCC Pin=P2-1
Added Pin To Net: NetName=VCC Pin=U2-1
Added Pin To Net: NetName=VCC Pin=U2-15
Added Pin To Net: NetName=VCC Pin=U2-17
Added Pin To Net: NetName=VCC Pin=U3-9
Added Pin To Net: NetName=VCC Pin=U3-14
Added Pin To Net: NetName=VCC Pin=U5-16
Added Pin To Net: NetName=VCC Pin=U9-1
Added Pin To Net: NetName=VCC Pin=U9-4
Added Pin To Net: NetName=VCC Pin=U12-3
Added Pin To Net: NetName=VCC Pin=U12-7
Added Pin To Net: NetName=VCC Pin=U12-8
Added Pin To Net: NetName=VCC Pin=X2-2
Added Net: Name=VCC
Added Net: Name=VMAX
Added Differential Pair: Name=USB
Added Member To Class: ClassName=MCU Member=Component C13 0.1uF
