Added Component: Designator=C1(CAPC0603(1608)100_L)
Added Component: Designator=C2(CAPC0603(1608)100_L)
Added Component: Designator=C3(CAPC0603(1608)100_L)
Added Component: Designator=C4(CAPC0603(1608)100_L)
Added Component: Designator=C5(CAPC0603(1608)100_L)
Added Component: Designator=C6(CAPC0603(1608)100_L)
Added Component: Designator=C7(CAPC0603(1608)100_L)
Added Component: Designator=C8(CAPC0603(1608)100_L)
Added Component: Designator=L1(EATN-SD12_V)
Added Component: Designator=R1(RESC0603(1608)_N)
Added Component: Designator=R2(RESC0603(1608)_N)
Added Component: Designator=R4(RESC0603(1608)_N)
Added Component: Designator=R8(RESC0603(1608)_N)
Added Component: Designator=R9(RESC0603(1608)_N)
Added Component: Designator=TP3(TP-SM-C-100)
Added Component: Designator=U1(LT-UF-24_N)
Added Pin To Net: NetName=GND Pin=C1-1
Added Pin To Net: NetName=USB_VBUS Pin=C1-2
Added Pin To Net: NetName=USB_VBUS Pin=C2-1
Added Pin To Net: NetName=GND Pin=C2-2
Added Pin To Net: NetName=GND Pin=C3-1
Added Pin To Net: NetName=BAT_IN Pin=C3-2
Added Pin To Net: NetName=BAT_IN Pin=C4-1
Added Pin To Net: NetName=GND Pin=C4-2
Added Pin To Net: NetName=GND Pin=C5-1
Added Pin To Net: NetName=VMAX Pin=C5-2
Added Pin To Net: NetName=NetC6_1 Pin=C6-1
Added Pin To Net: NetName=GND Pin=C6-2
Added Pin To Net: NetName=GND Pin=C7-1
Added Pin To Net: NetName=VCC Pin=C7-2
Added Pin To Net: NetName=GND Pin=C8-1
Added Pin To Net: NetName=HSO_VCC Pin=C8-2
Added Pin To Net: NetName=NetL1_1 Pin=L1-1
Added Pin To Net: NetName=NetL1_2 Pin=L1-2
Added Pin To Net: NetName=VCC Pin=R1-1
Added Pin To Net: NetName=NetR1_2 Pin=R1-2
Added Pin To Net: NetName=GND Pin=R2-1
Added Pin To Net: NetName=NetR1_2 Pin=R2-2
Added Pin To Net: NetName=VCC Pin=R4-1
Added Pin To Net: NetName=PWRON Pin=R4-2
Added Pin To Net: NetName=NetR8_1 Pin=R8-1
Added Pin To Net: NetName=BAT_IN Pin=R8-2
Added Pin To Net: NetName=GND Pin=R9-1
Added Pin To Net: NetName=NetR8_1 Pin=R9-2
Added Pin To Net: NetName=BAT_IN Pin=TP3-1
Added Pin To Net: NetName=GND Pin=U1-1
Added Pin To Net: NetName=BAT_IN Pin=U1-3
Added Pin To Net: NetName=USB_IN Pin=U1-4
Added Pin To Net: NetName=PWRON Pin=U1-6
Added Pin To Net: NetName=NetR1_2 Pin=U1-7
Added Pin To Net: NetName=PWR_BTN_B Pin=U1-8
Added Pin To Net: NetName=PBSTAT Pin=U1-9
Added Pin To Net: NetName=VMAX Pin=U1-11
Added Pin To Net: NetName=NetC6_1 Pin=U1-12
Added Pin To Net: NetName=RST Pin=U1-13
Added Pin To Net: NetName=BAT_IN Pin=U1-14
Added Pin To Net: NetName=NetL1_2 Pin=U1-15
Added Pin To Net: NetName=USB_IN Pin=U1-16
Added Pin To Net: NetName=VCC Pin=U1-17
Added Pin To Net: NetName=HSO_VCC Pin=U1-18
Added Pin To Net: NetName=VMAX Pin=U1-19
Added Pin To Net: NetName=NetL1_1 Pin=U1-20
Added Pin To Net: NetName=GND Pin=U1-21
Added Pin To Net: NetName=GND Pin=U1-24
Added Pin To Net: NetName=GND Pin=U1-25
Added Member To Class: ClassName=Power Member=Component C1 10uF
Added Member To Class: ClassName=Power Member=Component C2 0.1uF
Added Member To Class: ClassName=Power Member=Component C3 10uF
Added Member To Class: ClassName=Power Member=Component C4 0.1uF
Added Member To Class: ClassName=Power Member=Component C5 10uF
Added Member To Class: ClassName=Power Member=Component C6 0.1uF
Added Member To Class: ClassName=Power Member=Component C7 10uF
Added Member To Class: ClassName=Power Member=Component C8 10uF
Added Member To Class: ClassName=Power Member=Component L1 SD12-4R7-R
Added Member To Class: ClassName=Power Member=Component R1 1M
Added Member To Class: ClassName=Power Member=Component R2 221K
Added Member To Class: ClassName=Power Member=Component R4 1M
Added Member To Class: ClassName=Power Member=Component R8 576K 1%
Added Member To Class: ClassName=Power Member=Component R9 200K 1%
Added Member To Class: ClassName=Power Member=Component TP3 TP-SM-C-100
Added Member To Class: ClassName=Power Member=Component U1 LTC3101EUF#PBF
