Change Component Comment : Designator=R4 Old Comment=1M New Comment=10K
Added Component: Designator=J?(FP-1054500101-MFG)
Added Component: Designator=J?(FP-1054500101-MFG)
Added Component: Designator=J?(FP-1054500101-MFG)
Added Pin To Net: NetName=GND Pin=J?-1
Added Pin To Net: NetName=GND Pin=J?-2
Added Pin To Net: NetName=GND Pin=J?-3
Added Pin To Net: NetName=GND Pin=J?-4
Added Pin To Net: NetName=GND Pin=J?-A1
Added Pin To Net: NetName=USB_VBUS Pin=J?-A4
Added Pin To Net: NetName=USB_P Pin=J?-A6
Added Pin To Net: NetName=USB_N Pin=J?-A7
Added Pin To Net: NetName=USB_VBUS Pin=J?-A9
Added Pin To Net: NetName=GND Pin=J?-A12
Added Pin To Net: NetName=GND Pin=J?-B1
Added Pin To Net: NetName=USB_VBUS Pin=J?-B4
Added Pin To Net: NetName=USB_P Pin=J?-B6
Added Pin To Net: NetName=USB_N Pin=J?-B7
Added Pin To Net: NetName=USB_VBUS Pin=J?-B9
Added Pin To Net: NetName=GND Pin=J?-B12
Added Member To Class: ClassName=MCU Member=Component J? 1054500101
