Added Component: Designator=P1(SS-52400-00X)
Added Pin To Net: NetName=GND Pin=P1-A1
Added Pin To Net: NetName=USB_VBUS Pin=P1-A4
Added Pin To Net: NetName=USB_P Pin=P1-A6
Added Pin To Net: NetName=USB_N Pin=P1-A7
Added Pin To Net: NetName=USB_VBUS Pin=P1-A9
Added Pin To Net: NetName=GND Pin=P1-A12
Added Pin To Net: NetName=GND Pin=P1-B1
Added Pin To Net: NetName=USB_VBUS Pin=P1-B4
Added Pin To Net: NetName=USB_P Pin=P1-B6
Added Pin To Net: NetName=USB_N Pin=P1-B7
Added Pin To Net: NetName=USB_VBUS Pin=P1-B9
Added Pin To Net: NetName=GND Pin=P1-B12
Added Pin To Net: NetName=G1 Pin=P1-G2
Added Pin To Net: NetName=G1 Pin=P1-G3
Added Pin To Net: NetName=G1 Pin=P1-G4
Added Pin To Net: NetName=G1 Pin=P1-G5
Added Pin To Net: NetName=G1 Pin=P1-G6
Added Net: Name=G1
Added Pin To Net: NetName=SHIELD Pin=P1-G1
Added Net: Name=SHIELD
Added Member To Class: ClassName=MCU Member=Component P1 SS-52400-003
