Removed Pin From Net: NetName=ROW_F Pin=J2-1
Removed Pin From Net: NetName=ROW_A Pin=J2-2
Removed Pin From Net: NetName=ROW_B Pin=J2-3
Removed Pin From Net: NetName=ROW_C Pin=J2-4
Removed Pin From Net: NetName=ROW_D Pin=J2-5
Removed Pin From Net: NetName=ROW_E Pin=J2-6
Removed Pin From Net: NetName=COL_A Pin=J2-7
Removed Pin From Net: NetName=COL_B Pin=J2-8
Removed Pin From Net: NetName=COL_C Pin=J2-9
Removed Pin From Net: NetName=COL_D Pin=J2-10
Added Pin To Net: NetName=ROW_D Pin=J2-1
Added Pin To Net: NetName=ROW_E Pin=J2-2
Added Pin To Net: NetName=ROW_C Pin=J2-3
Added Pin To Net: NetName=ROW_F Pin=J2-4
Added Pin To Net: NetName=ROW_B Pin=J2-5
Added Pin To Net: NetName=ROW_A Pin=J2-6
Added Pin To Net: NetName=COL_D Pin=J2-7
Added Pin To Net: NetName=COL_C Pin=J2-8
Added Pin To Net: NetName=COL_B Pin=J2-9
Added Pin To Net: NetName=COL_A Pin=J2-10
