Added Pin To Net: NetName=BAT_DIV Pin=R8-1
Added Pin To Net: NetName=BAT_DIV Pin=R9-2
Added Pin To Net: NetName=BAT_DIV Pin=TP7-1
Added Pin To Net: NetName=BAT_DIV Pin=U2-13
Added Net: Name=BAT_DIV
Added Pin To Net: NetName=BAT_IN Pin=C3-2
Added Pin To Net: NetName=BAT_IN Pin=C4-1
Added Pin To Net: NetName=BAT_IN Pin=D1-2
Added Pin To Net: NetName=BAT_IN Pin=J1-1
Added Pin To Net: NetName=BAT_IN Pin=R8-2
Added Pin To Net: NetName=BAT_IN Pin=TP5-1
Added Pin To Net: NetName=BAT_IN Pin=U1-3
Added Pin To Net: NetName=BAT_IN Pin=U1-14
Added Net: Name=BAT_IN
Added Pin To Net: NetName=COL_A Pin=J2-10
Added Pin To Net: NetName=COL_A Pin=R3-4
Added Pin To Net: NetName=COL_A Pin=U5-11
Added Net: Name=COL_A
Added Pin To Net: NetName=COL_B Pin=J2-9
Added Pin To Net: NetName=COL_B Pin=R3-3
Added Pin To Net: NetName=COL_B Pin=U5-12
Added Net: Name=COL_B
Added Pin To Net: NetName=COL_C Pin=J2-8
Added Pin To Net: NetName=COL_C Pin=R3-2
Added Pin To Net: NetName=COL_C Pin=U5-13
Added Net: Name=COL_C
Added Pin To Net: NetName=COL_D Pin=J2-7
Added Pin To Net: NetName=COL_D Pin=R3-1
Added Pin To Net: NetName=COL_D Pin=U5-14
Added Net: Name=COL_D
Added Pin To Net: NetName=GND Pin=C1-1
Added Pin To Net: NetName=GND Pin=C2-2
Added Pin To Net: NetName=GND Pin=C3-1
Added Pin To Net: NetName=GND Pin=C4-2
Added Pin To Net: NetName=GND Pin=C5-1
Added Pin To Net: NetName=GND Pin=C6-2
Added Pin To Net: NetName=GND Pin=C7-1
Added Pin To Net: NetName=GND Pin=C8-1
Added Pin To Net: NetName=GND Pin=C10-1
Added Pin To Net: NetName=GND Pin=C11-1
Added Pin To Net: NetName=GND Pin=C12-1
Added Pin To Net: NetName=GND Pin=C13-1
Added Pin To Net: NetName=GND Pin=C14-1
Added Pin To Net: NetName=GND Pin=C15-1
Added Pin To Net: NetName=GND Pin=C16-1
Added Pin To Net: NetName=GND Pin=C24-1
Added Pin To Net: NetName=GND Pin=C25-1
Added Pin To Net: NetName=GND Pin=C27-1
Added Pin To Net: NetName=GND Pin=C31-1
Added Pin To Net: NetName=GND Pin=D1-1
Added Pin To Net: NetName=GND Pin=J1-2
Added Pin To Net: NetName=GND Pin=J2-12
Added Pin To Net: NetName=GND Pin=J2-MP1
Added Pin To Net: NetName=GND Pin=J2-MP2
Added Pin To Net: NetName=GND Pin=J3-2
Added Pin To Net: NetName=GND Pin=J3-MP1
Added Pin To Net: NetName=GND Pin=J3-MP2
Added Pin To Net: NetName=GND Pin=J4-1
Added Pin To Net: NetName=GND Pin=J4-2
Added Pin To Net: NetName=GND Pin=J4-3
Added Pin To Net: NetName=GND Pin=J4-4
Added Pin To Net: NetName=GND Pin=J4-A1
Added Pin To Net: NetName=GND Pin=J4-A12
Added Pin To Net: NetName=GND Pin=J4-B1
Added Pin To Net: NetName=GND Pin=J4-B12
Added Pin To Net: NetName=GND Pin=P2-3
Added Pin To Net: NetName=GND Pin=P2-5
Added Pin To Net: NetName=GND Pin=P2-9
Added Pin To Net: NetName=GND Pin=R2-1
Added Pin To Net: NetName=GND Pin=R3-5
Added Pin To Net: NetName=GND Pin=R3-6
Added Pin To Net: NetName=GND Pin=R3-7
Added Pin To Net: NetName=GND Pin=R3-8
Added Pin To Net: NetName=GND Pin=R9-1
Added Pin To Net: NetName=GND Pin=R10-2
Added Pin To Net: NetName=GND Pin=R20-1
Added Pin To Net: NetName=GND Pin=TP6-1
Added Pin To Net: NetName=GND Pin=U1-1
Added Pin To Net: NetName=GND Pin=U1-21
Added Pin To Net: NetName=GND Pin=U1-24
Added Pin To Net: NetName=GND Pin=U1-25
Added Pin To Net: NetName=GND Pin=U2-14
Added Pin To Net: NetName=GND Pin=U2-16
Added Pin To Net: NetName=GND Pin=U2-32
Added Pin To Net: NetName=GND Pin=U3-7
Added Pin To Net: NetName=GND Pin=U4-1
Added Pin To Net: NetName=GND Pin=U5-8
Added Pin To Net: NetName=GND Pin=U5-15
Added Pin To Net: NetName=GND Pin=U9-2
Added Pin To Net: NetName=GND Pin=U12-4
Added Pin To Net: NetName=GND Pin=X2-1
Added Pin To Net: NetName=GND Pin=X2-5
Added Pin To Net: NetName=GND Pin=X2-6
Added Pin To Net: NetName=GND Pin=X2-10
Added Pin To Net: NetName=GND Pin=X2-11
Added Pin To Net: NetName=GND Pin=X2-12
Added Pin To Net: NetName=GND Pin=X2-13
Added Pin To Net: NetName=GND Pin=X2-14
Added Pin To Net: NetName=GND Pin=X2-19
Added Pin To Net: NetName=GND Pin=X2-20
Added Net: Name=GND
Added Pin To Net: NetName=HSO_VCC Pin=C8-2
Added Pin To Net: NetName=HSO_VCC Pin=J3-1
Added Pin To Net: NetName=HSO_VCC Pin=TP1-1
Added Pin To Net: NetName=HSO_VCC Pin=U1-18
Added Net: Name=HSO_VCC
Added Pin To Net: NetName=MCU_CLK Pin=C14-2
Added Pin To Net: NetName=MCU_CLK Pin=U2-2
Added Pin To Net: NetName=MCU_CLK Pin=U9-3
Added Net: Name=MCU_CLK
Added Pin To Net: NetName=MEM_CS Pin=U2-6
Added Pin To Net: NetName=MEM_CS Pin=U12-1
Added Net: Name=MEM_CS
Added Pin To Net: NetName=NetC6_1 Pin=C6-1
Added Pin To Net: NetName=NetC6_1 Pin=U1-12
Added Net: Name=NetC6_1
Added Pin To Net: NetName=NetJ2_11 Pin=J2-11
Added Pin To Net: NetName=NetJ2_11 Pin=U1-8
Added Net: Name=NetJ2_11
Added Pin To Net: NetName=NetJ3_3 Pin=J3-3
Added Pin To Net: NetName=NetJ3_3 Pin=U2-28
Added Net: Name=NetJ3_3
Added Pin To Net: NetName=NetJ3_4 Pin=J3-4
Added Pin To Net: NetName=NetJ3_4 Pin=U2-29
Added Net: Name=NetJ3_4
Added Pin To Net: NetName=NetJ3_5 Pin=J3-5
Added Pin To Net: NetName=NetJ3_5 Pin=U2-30
Added Net: Name=NetJ3_5
Added Pin To Net: NetName=NetL1_1 Pin=L1-1
Added Pin To Net: NetName=NetL1_1 Pin=U1-20
Added Net: Name=NetL1_1
Added Pin To Net: NetName=NetL1_2 Pin=L1-2
Added Pin To Net: NetName=NetL1_2 Pin=U1-15
Added Net: Name=NetL1_2
Added Pin To Net: NetName=NetR1_2 Pin=R1-2
Added Pin To Net: NetName=NetR1_2 Pin=R2-2
Added Pin To Net: NetName=NetR1_2 Pin=U1-7
Added Net: Name=NetR1_2
Added Pin To Net: NetName=NetR10_1 Pin=R10-1
Added Pin To Net: NetName=NetR10_1 Pin=U2-31
Added Net: Name=NetR10_1
Added Pin To Net: NetName=NetU1_6 Pin=U1-6
Added Pin To Net: NetName=NetU1_6 Pin=U2-20
Added Net: Name=NetU1_6
Added Pin To Net: NetName=NetU1_9 Pin=U1-9
Added Pin To Net: NetName=NetU1_9 Pin=U2-18
Added Net: Name=NetU1_9
Added Pin To Net: NetName=NetU2_5 Pin=U2-5
Added Pin To Net: NetName=NetU2_5 Pin=U3-1
Added Pin To Net: NetName=NetU2_5 Pin=U5-1
Added Net: Name=NetU2_5
Added Pin To Net: NetName=NetU2_7 Pin=U2-7
Added Pin To Net: NetName=NetU2_7 Pin=X2-4
Added Net: Name=NetU2_7
Added Pin To Net: NetName=NetU2_8 Pin=U2-8
Added Pin To Net: NetName=NetU2_8 Pin=X2-16
Added Net: Name=NetU2_8
Added Pin To Net: NetName=NetU2_9 Pin=U2-9
Added Pin To Net: NetName=NetU2_9 Pin=X2-17
Added Net: Name=NetU2_9
Added Pin To Net: NetName=PWRON Pin=R4-2
Added Net: Name=PWRON
Added Pin To Net: NetName=ROW_A Pin=J2-6
Added Pin To Net: NetName=ROW_A Pin=U3-3
Added Net: Name=ROW_A
Added Pin To Net: NetName=ROW_B Pin=J2-5
Added Pin To Net: NetName=ROW_B Pin=U3-4
Added Net: Name=ROW_B
Added Pin To Net: NetName=ROW_C Pin=J2-3
Added Pin To Net: NetName=ROW_C Pin=U3-5
Added Net: Name=ROW_C
Added Pin To Net: NetName=ROW_D Pin=J2-1
Added Pin To Net: NetName=ROW_D Pin=U3-6
Added Net: Name=ROW_D
Added Pin To Net: NetName=ROW_E Pin=J2-2
Added Pin To Net: NetName=ROW_E Pin=U3-10
Added Net: Name=ROW_E
Added Pin To Net: NetName=ROW_F Pin=J2-4
Added Pin To Net: NetName=ROW_F Pin=U3-11
Added Net: Name=ROW_F
Added Pin To Net: NetName=SPI_MISO Pin=U2-11
Added Pin To Net: NetName=SPI_MISO Pin=U5-9
Added Pin To Net: NetName=SPI_MISO Pin=U12-2
Added Net: Name=SPI_MISO
Added Pin To Net: NetName=SPI_MOSI Pin=U2-12
Added Pin To Net: NetName=SPI_MOSI Pin=U3-2
Added Pin To Net: NetName=SPI_MOSI Pin=U12-5
Added Pin To Net: NetName=SPI_MOSI Pin=X2-8
Added Net: Name=SPI_MOSI
Added Pin To Net: NetName=SPI_SCK Pin=U2-10
Added Pin To Net: NetName=SPI_SCK Pin=U3-8
Added Pin To Net: NetName=SPI_SCK Pin=U5-2
Added Pin To Net: NetName=SPI_SCK Pin=U12-6
Added Pin To Net: NetName=SPI_SCK Pin=X2-7
Added Net: Name=SPI_SCK
Added Pin To Net: NetName=T_NRST Pin=C27-2
Added Pin To Net: NetName=T_NRST Pin=P2-10
Added Pin To Net: NetName=T_NRST Pin=U1-13
Added Pin To Net: NetName=T_NRST Pin=U2-4
Added Net: Name=T_NRST
Added Pin To Net: NetName=T_SWCLK Pin=P2-4
Added Pin To Net: NetName=T_SWCLK Pin=U2-24
Added Net: Name=T_SWCLK
Added Pin To Net: NetName=T_SWDIO Pin=P2-2
Added Pin To Net: NetName=T_SWDIO Pin=U2-23
Added Net: Name=T_SWDIO
Added Pin To Net: NetName=T_SWO Pin=P2-6
Added Pin To Net: NetName=T_SWO Pin=U2-26
Added Net: Name=T_SWO
Added Pin To Net: NetName=USB_IN Pin=C1-2
Added Pin To Net: NetName=USB_IN Pin=C2-1
Added Pin To Net: NetName=USB_IN Pin=C13-2
Added Pin To Net: NetName=USB_IN Pin=J4-A4
Added Pin To Net: NetName=USB_IN Pin=J4-A9
Added Pin To Net: NetName=USB_IN Pin=J4-B4
Added Pin To Net: NetName=USB_IN Pin=J4-B9
Added Pin To Net: NetName=USB_IN Pin=R19-1
Added Pin To Net: NetName=USB_IN Pin=TP3-1
Added Pin To Net: NetName=USB_IN Pin=U1-4
Added Pin To Net: NetName=USB_IN Pin=U1-16
Added Pin To Net: NetName=USB_IN Pin=U4-4
Added Net: Name=USB_IN
Added Pin To Net: NetName=USB_N Pin=J4-A7
Added Pin To Net: NetName=USB_N Pin=J4-B7
Added Pin To Net: NetName=USB_N Pin=U2-21
Added Pin To Net: NetName=USB_N Pin=U4-3
Added Net: Name=USB_N
Added Pin To Net: NetName=USB_P Pin=J4-A6
Added Pin To Net: NetName=USB_P Pin=J4-B6
Added Pin To Net: NetName=USB_P Pin=U2-22
Added Pin To Net: NetName=USB_P Pin=U4-2
Added Net: Name=USB_P
Added Pin To Net: NetName=USB_V_DETECT Pin=R19-2
Added Pin To Net: NetName=USB_V_DETECT Pin=R20-2
Added Pin To Net: NetName=USB_V_DETECT Pin=U2-19
Added Net: Name=USB_V_DETECT
Added Pin To Net: NetName=VCC Pin=C7-2
Added Pin To Net: NetName=VCC Pin=C10-2
Added Pin To Net: NetName=VCC Pin=C11-2
Added Pin To Net: NetName=VCC Pin=C12-2
Added Pin To Net: NetName=VCC Pin=C15-2
Added Pin To Net: NetName=VCC Pin=C16-2
Added Pin To Net: NetName=VCC Pin=C24-2
Added Pin To Net: NetName=VCC Pin=C25-2
Added Pin To Net: NetName=VCC Pin=C31-2
Added Pin To Net: NetName=VCC Pin=P2-1
Added Pin To Net: NetName=VCC Pin=R1-1
Added Pin To Net: NetName=VCC Pin=R4-1
Added Pin To Net: NetName=VCC Pin=TP4-1
Added Pin To Net: NetName=VCC Pin=U1-17
Added Pin To Net: NetName=VCC Pin=U2-1
Added Pin To Net: NetName=VCC Pin=U2-15
Added Pin To Net: NetName=VCC Pin=U2-17
Added Pin To Net: NetName=VCC Pin=U3-9
Added Pin To Net: NetName=VCC Pin=U3-14
Added Pin To Net: NetName=VCC Pin=U5-16
Added Pin To Net: NetName=VCC Pin=U9-1
Added Pin To Net: NetName=VCC Pin=U9-4
Added Pin To Net: NetName=VCC Pin=U12-3
Added Pin To Net: NetName=VCC Pin=U12-7
Added Pin To Net: NetName=VCC Pin=U12-8
Added Pin To Net: NetName=VCC Pin=X2-2
Added Net: Name=VCC
Added Pin To Net: NetName=VMAX Pin=C5-2
Added Pin To Net: NetName=VMAX Pin=TP2-1
Added Pin To Net: NetName=VMAX Pin=U1-11
Added Pin To Net: NetName=VMAX Pin=U1-19
Added Net: Name=VMAX
Added Differential Pair: Name=USB
